\BOOKMARK [0][-]{chapter.1}{\376\377\0001\000\040\000C\000l\000a\000s\000s\000\040\000I\000n\000d\000e\000x}{}% 1
\BOOKMARK [1][-]{section.1.1}{\376\377\0001\000.\0001\000\040\000C\000l\000a\000s\000s\000\040\000L\000i\000s\000t}{chapter.1}% 2
\BOOKMARK [0][-]{chapter.2}{\376\377\0002\000\040\000C\000l\000a\000s\000s\000\040\000D\000o\000c\000u\000m\000e\000n\000t\000a\000t\000i\000o\000n}{}% 3
\BOOKMARK [1][-]{section.2.1}{\376\377\0002\000.\0001\000\040\000B\000i\000n\000a\000r\000y\000T\000r\000e\000e\000\040\000C\000l\000a\000s\000s\000\040\000R\000e\000f\000e\000r\000e\000n\000c\000e}{chapter.2}% 4
\BOOKMARK [2][-]{subsection.2.1.1}{\376\377\0002\000.\0001\000.\0001\000\040\000C\000o\000n\000s\000t\000r\000u\000c\000t\000o\000r\000\040\000\046\000\040\000D\000e\000s\000t\000r\000u\000c\000t\000o\000r\000\040\000D\000o\000c\000u\000m\000e\000n\000t\000a\000t\000i\000o\000n}{section.2.1}% 5
\BOOKMARK [3][-]{subsubsection.2.1.1.1}{\376\377\0002\000.\0001\000.\0001\000.\0001\000\040\000B\000i\000n\000a\000r\000y\000T\000r\000e\000e}{subsection.2.1.1}% 6
\BOOKMARK [3][-]{subsubsection.2.1.1.2}{\376\377\0002\000.\0001\000.\0001\000.\0002\000\040\000B\000i\000n\000a\000r\000y\000T\000r\000e\000e}{subsection.2.1.1}% 7
\BOOKMARK [2][-]{subsection.2.1.2}{\376\377\0002\000.\0001\000.\0002\000\040\000M\000e\000m\000b\000e\000r\000\040\000F\000u\000n\000c\000t\000i\000o\000n\000\040\000D\000o\000c\000u\000m\000e\000n\000t\000a\000t\000i\000o\000n}{section.2.1}% 8
\BOOKMARK [3][-]{subsubsection.2.1.2.1}{\376\377\0002\000.\0001\000.\0002\000.\0001\000\040\000c\000o\000m\000p\000u\000t\000e\000V\000a\000r\000i\000a\000n\000c\000e}{subsection.2.1.2}% 9
\BOOKMARK [3][-]{subsubsection.2.1.2.2}{\376\377\0002\000.\0001\000.\0002\000.\0002\000\040\000g\000e\000n\000e\000r\000a\000t\000e\000T\000r\000e\000e}{subsection.2.1.2}% 10
\BOOKMARK [3][-]{subsubsection.2.1.2.3}{\376\377\0002\000.\0001\000.\0002\000.\0003\000\040\000g\000e\000t\000G\000a\000m\000m\000a}{subsection.2.1.2}% 11
\BOOKMARK [3][-]{subsubsection.2.1.2.4}{\376\377\0002\000.\0001\000.\0002\000.\0004\000\040\000g\000e\000t\000N\000u\000m\000b\000e\000r\000O\000f\000R\000e\000g\000i\000o\000n\000s}{subsection.2.1.2}% 12
\BOOKMARK [3][-]{subsubsection.2.1.2.5}{\376\377\0002\000.\0001\000.\0002\000.\0005\000\040\000m\000a\000k\000e\000A\000P\000r\000e\000d\000i\000c\000t\000i\000o\000n}{subsection.2.1.2}% 13
\BOOKMARK [3][-]{subsubsection.2.1.2.6}{\376\377\0002\000.\0001\000.\0002\000.\0006\000\040\000p\000r\000i\000n\000t}{subsection.2.1.2}% 14
\BOOKMARK [3][-]{subsubsection.2.1.2.7}{\376\377\0002\000.\0001\000.\0002\000.\0007\000\040\000p\000r\000i\000n\000t\000T\000o\000F\000i\000l\000e}{subsection.2.1.2}% 15
\BOOKMARK [3][-]{subsubsection.2.1.2.8}{\376\377\0002\000.\0001\000.\0002\000.\0008\000\040\000r\000e\000a\000d\000F\000r\000o\000m\000B\000i\000n\000a\000r\000y\000F\000i\000l\000e}{subsection.2.1.2}% 16
\BOOKMARK [3][-]{subsubsection.2.1.2.9}{\376\377\0002\000.\0001\000.\0002\000.\0009\000\040\000r\000e\000a\000d\000F\000r\000o\000m\000B\000i\000n\000a\000r\000y\000F\000i\000l\000e}{subsection.2.1.2}% 17
\BOOKMARK [3][-]{subsubsection.2.1.2.10}{\376\377\0002\000.\0001\000.\0002\000.\0001\0000\000\040\000s\000a\000v\000e\000T\000o\000B\000i\000n\000a\000r\000y\000F\000i\000l\000e}{subsection.2.1.2}% 18
\BOOKMARK [3][-]{subsubsection.2.1.2.11}{\376\377\0002\000.\0001\000.\0002\000.\0001\0001\000\040\000s\000a\000v\000e\000T\000o\000B\000i\000n\000a\000r\000y\000F\000i\000l\000e}{subsection.2.1.2}% 19
\BOOKMARK [1][-]{section.2.2}{\376\377\0002\000.\0002\000\040\000C\000o\000n\000f\000i\000g\000\040\000C\000l\000a\000s\000s\000\040\000R\000e\000f\000e\000r\000e\000n\000c\000e}{chapter.2}% 20
\BOOKMARK [2][-]{subsection.2.2.1}{\376\377\0002\000.\0002\000.\0001\000\040\000M\000e\000m\000b\000e\000r\000\040\000F\000u\000n\000c\000t\000i\000o\000n\000\040\000D\000o\000c\000u\000m\000e\000n\000t\000a\000t\000i\000o\000n}{section.2.2}% 21
\BOOKMARK [3][-]{subsubsection.2.2.1.1}{\376\377\0002\000.\0002\000.\0001\000.\0001\000\040\000p\000r\000i\000n\000t}{subsection.2.2.1}% 22
\BOOKMARK [2][-]{subsection.2.2.2}{\376\377\0002\000.\0002\000.\0002\000\040\000M\000e\000m\000b\000e\000r\000\040\000D\000a\000t\000a\000\040\000D\000o\000c\000u\000m\000e\000n\000t\000a\000t\000i\000o\000n}{section.2.2}% 23
\BOOKMARK [3][-]{subsubsection.2.2.2.1}{\376\377\0002\000.\0002\000.\0002\000.\0001\000\040\000a\000p\000p\000l\000y\000W\000e\000i\000g\000h\000t}{subsection.2.2.2}% 24
\BOOKMARK [3][-]{subsubsection.2.2.2.2}{\376\377\0002\000.\0002\000.\0002\000.\0002\000\040\000c\000l\000a\000s\000s\000W\000e\000i\000g\000h\000t}{subsection.2.2.2}% 25
\BOOKMARK [3][-]{subsubsection.2.2.2.3}{\376\377\0002\000.\0002\000.\0002\000.\0003\000\040\000i\000n\000p\000u\000t\000F\000i\000l\000e}{subsection.2.2.2}% 26
\BOOKMARK [3][-]{subsubsection.2.2.2.4}{\376\377\0002\000.\0002\000.\0002\000.\0004\000\040\000l\000e\000a\000r\000n\000i\000n\000g\000R\000a\000t\000e}{subsection.2.2.2}% 27
\BOOKMARK [3][-]{subsubsection.2.2.2.5}{\376\377\0002\000.\0002\000.\0002\000.\0005\000\040\000M\000A\000X\000B\000U\000F\000F\000E\000R}{subsection.2.2.2}% 28
\BOOKMARK [3][-]{subsubsection.2.2.2.6}{\376\377\0002\000.\0002\000.\0002\000.\0006\000\040\000M\000A\000X\000I\000M\000U\000M\000D\000E\000P\000T\000H}{subsection.2.2.2}% 29
\BOOKMARK [3][-]{subsubsection.2.2.2.7}{\376\377\0002\000.\0002\000.\0002\000.\0007\000\040\000M\000A\000X\000I\000M\000U\000M\000N\000U\000M\000B\000E\000R\000O\000F\000L\000E\000A\000V\000E\000S}{subsection.2.2.2}% 30
\BOOKMARK [3][-]{subsubsection.2.2.2.8}{\376\377\0002\000.\0002\000.\0002\000.\0008\000\040\000M\000I\000N\000I\000M\000N\000U\000M\000B\000E\000R\000O\000F\000I\000N\000S\000T\000A\000N\000C\000E\000S\000P\000E\000R\000L\000E\000A\000F}{subsection.2.2.2}% 31
\BOOKMARK [3][-]{subsubsection.2.2.2.9}{\376\377\0002\000.\0002\000.\0002\000.\0009\000\040\000M\000I\000N\000V\000A\000R\000I\000A\000N\000C\000E}{subsection.2.2.2}% 32
\BOOKMARK [3][-]{subsubsection.2.2.2.10}{\376\377\0002\000.\0002\000.\0002\000.\0001\0000\000\040\000m\000o\000d\000e\000l\000F\000i\000l\000e}{subsection.2.2.2}% 33
\BOOKMARK [3][-]{subsubsection.2.2.2.11}{\376\377\0002\000.\0002\000.\0002\000.\0001\0001\000\040\000m\000u\000l\000t\000i\000p\000l\000e\000E\000x\000p\000e\000r\000i\000m\000e\000n\000t\000s}{subsection.2.2.2}% 34
\BOOKMARK [3][-]{subsubsection.2.2.2.12}{\376\377\0002\000.\0002\000.\0002\000.\0001\0002\000\040\000N\000O\000T\000V\000A\000L\000I\000D}{subsection.2.2.2}% 35
\BOOKMARK [3][-]{subsubsection.2.2.2.13}{\376\377\0002\000.\0002\000.\0002\000.\0001\0003\000\040\000n\000u\000m\000b\000e\000r\000O\000f\000T\000r\000e\000e\000s}{subsection.2.2.2}% 36
\BOOKMARK [3][-]{subsubsection.2.2.2.14}{\376\377\0002\000.\0002\000.\0002\000.\0001\0004\000\040\000U\000N\000K\000N\000O\000W\000N\000V\000A\000L\000U\000E}{subsection.2.2.2}% 37
\BOOKMARK [3][-]{subsubsection.2.2.2.15}{\376\377\0002\000.\0002\000.\0002\000.\0001\0005\000\040\000v\000e\000r\000b\000o\000s\000e}{subsection.2.2.2}% 38
\BOOKMARK [1][-]{section.2.3}{\376\377\0002\000.\0003\000\040\000D\000a\000t\000a\000S\000e\000t\000\040\000C\000l\000a\000s\000s\000\040\000R\000e\000f\000e\000r\000e\000n\000c\000e}{chapter.2}% 39
\BOOKMARK [2][-]{subsection.2.3.1}{\376\377\0002\000.\0003\000.\0001\000\040\000C\000o\000n\000s\000t\000r\000u\000c\000t\000o\000r\000\040\000\046\000\040\000D\000e\000s\000t\000r\000u\000c\000t\000o\000r\000\040\000D\000o\000c\000u\000m\000e\000n\000t\000a\000t\000i\000o\000n}{section.2.3}% 40
\BOOKMARK [3][-]{subsubsection.2.3.1.1}{\376\377\0002\000.\0003\000.\0001\000.\0001\000\040\000D\000a\000t\000a\000S\000e\000t}{subsection.2.3.1}% 41
\BOOKMARK [3][-]{subsubsection.2.3.1.2}{\376\377\0002\000.\0003\000.\0001\000.\0002\000\040\000D\000a\000t\000a\000S\000e\000t}{subsection.2.3.1}% 42
\BOOKMARK [3][-]{subsubsection.2.3.1.3}{\376\377\0002\000.\0003\000.\0001\000.\0003\000\040\000D\000a\000t\000a\000S\000e\000t}{subsection.2.3.1}% 43
\BOOKMARK [3][-]{subsubsection.2.3.1.4}{\376\377\0002\000.\0003\000.\0001\000.\0004\000\040\000D\000a\000t\000a\000S\000e\000t}{subsection.2.3.1}% 44
\BOOKMARK [2][-]{subsection.2.3.2}{\376\377\0002\000.\0003\000.\0002\000\040\000M\000e\000m\000b\000e\000r\000\040\000F\000u\000n\000c\000t\000i\000o\000n\000\040\000D\000o\000c\000u\000m\000e\000n\000t\000a\000t\000i\000o\000n}{section.2.3}% 45
\BOOKMARK [3][-]{subsubsection.2.3.2.1}{\376\377\0002\000.\0003\000.\0002\000.\0001\000\040\000c\000o\000m\000p\000u\000t\000e\000R\000e\000s\000i\000d\000u\000a\000l}{subsection.2.3.2}% 46
\BOOKMARK [3][-]{subsubsection.2.3.2.2}{\376\377\0002\000.\0003\000.\0002\000.\0002\000\040\000g\000e\000t\000E\000x\000a\000m\000p\000l\000e\000A\000t}{subsection.2.3.2}% 47
\BOOKMARK [3][-]{subsubsection.2.3.2.3}{\376\377\0002\000.\0003\000.\0002\000.\0003\000\040\000g\000e\000t\000N\000u\000m\000b\000e\000r\000O\000f\000I\000n\000s\000t\000a\000n\000c\000e\000s\000W\000i\000t\000h\000T\000h\000r\000e\000s\000h\000o\000l\000d\000A\000t}{subsection.2.3.2}% 48
\BOOKMARK [3][-]{subsubsection.2.3.2.4}{\376\377\0002\000.\0003\000.\0002\000.\0004\000\040\000g\000e\000t\000O\000u\000t\000p\000u\000t\000V\000a\000r\000i\000a\000b\000l\000e\000A\000t}{subsection.2.3.2}% 49
\BOOKMARK [3][-]{subsubsection.2.3.2.5}{\376\377\0002\000.\0003\000.\0002\000.\0005\000\040\000g\000e\000t\000R\000e\000s\000i\000d\000u\000a\000l\000A\000t}{subsection.2.3.2}% 50
\BOOKMARK [3][-]{subsubsection.2.3.2.6}{\376\377\0002\000.\0003\000.\0002\000.\0006\000\040\000g\000e\000t\000W\000e\000i\000g\000h\000t}{subsection.2.3.2}% 51
\BOOKMARK [3][-]{subsubsection.2.3.2.7}{\376\377\0002\000.\0003\000.\0002\000.\0007\000\040\000p\000r\000i\000n\000t}{subsection.2.3.2}% 52
\BOOKMARK [3][-]{subsubsection.2.3.2.8}{\376\377\0002\000.\0003\000.\0002\000.\0008\000\040\000s\000e\000t\000R\000e\000s\000i\000d\000u\000a\000l\000A\000t}{subsection.2.3.2}% 53
\BOOKMARK [3][-]{subsubsection.2.3.2.9}{\376\377\0002\000.\0003\000.\0002\000.\0009\000\040\000s\000o\000r\000t}{subsection.2.3.2}% 54
\BOOKMARK [1][-]{section.2.4}{\376\377\0002\000.\0004\000\040\000G\000r\000a\000d\000i\000e\000n\000t\000B\000o\000o\000s\000t\000i\000n\000g\000\040\000C\000l\000a\000s\000s\000\040\000R\000e\000f\000e\000r\000e\000n\000c\000e}{chapter.2}% 55
\BOOKMARK [2][-]{subsection.2.4.1}{\376\377\0002\000.\0004\000.\0001\000\040\000C\000o\000n\000s\000t\000r\000u\000c\000t\000o\000r\000\040\000\046\000\040\000D\000e\000s\000t\000r\000u\000c\000t\000o\000r\000\040\000D\000o\000c\000u\000m\000e\000n\000t\000a\000t\000i\000o\000n}{section.2.4}% 56
\BOOKMARK [3][-]{subsubsection.2.4.1.1}{\376\377\0002\000.\0004\000.\0001\000.\0001\000\040\000G\000r\000a\000d\000i\000e\000n\000t\000B\000o\000o\000s\000t\000i\000n\000g}{subsection.2.4.1}% 57
\BOOKMARK [3][-]{subsubsection.2.4.1.2}{\376\377\0002\000.\0004\000.\0001\000.\0002\000\040\000G\000r\000a\000d\000i\000e\000n\000t\000B\000o\000o\000s\000t\000i\000n\000g}{subsection.2.4.1}% 58
\BOOKMARK [2][-]{subsection.2.4.2}{\376\377\0002\000.\0004\000.\0002\000\040\000M\000e\000m\000b\000e\000r\000\040\000F\000u\000n\000c\000t\000i\000o\000n\000\040\000D\000o\000c\000u\000m\000e\000n\000t\000a\000t\000i\000o\000n}{section.2.4}% 59
\BOOKMARK [3][-]{subsubsection.2.4.2.1}{\376\377\0002\000.\0004\000.\0002\000.\0001\000\040\000t\000e\000s\000t}{subsection.2.4.2}% 60
\BOOKMARK [3][-]{subsubsection.2.4.2.2}{\376\377\0002\000.\0004\000.\0002\000.\0002\000\040\000t\000r\000a\000i\000n}{subsection.2.4.2}% 61
\BOOKMARK [1][-]{section.2.5}{\376\377\0002\000.\0005\000\040\000N\000o\000m\000i\000n\000a\000l\000F\000e\000a\000t\000u\000r\000e\000\040\000C\000l\000a\000s\000s\000\040\000R\000e\000f\000e\000r\000e\000n\000c\000e}{chapter.2}% 62
\BOOKMARK [2][-]{subsection.2.5.1}{\376\377\0002\000.\0005\000.\0001\000\040\000C\000o\000n\000s\000t\000r\000u\000c\000t\000o\000r\000\040\000\046\000\040\000D\000e\000s\000t\000r\000u\000c\000t\000o\000r\000\040\000D\000o\000c\000u\000m\000e\000n\000t\000a\000t\000i\000o\000n}{section.2.5}% 63
\BOOKMARK [3][-]{subsubsection.2.5.1.1}{\376\377\0002\000.\0005\000.\0001\000.\0001\000\040\000N\000o\000m\000i\000n\000a\000l\000F\000e\000a\000t\000u\000r\000e}{subsection.2.5.1}% 64
\BOOKMARK [3][-]{subsubsection.2.5.1.2}{\376\377\0002\000.\0005\000.\0001\000.\0002\000\040\000N\000o\000m\000i\000n\000a\000l\000F\000e\000a\000t\000u\000r\000e}{subsection.2.5.1}% 65
\BOOKMARK [3][-]{subsubsection.2.5.1.3}{\376\377\0002\000.\0005\000.\0001\000.\0003\000\040\000N\000o\000m\000i\000n\000a\000l\000F\000e\000a\000t\000u\000r\000e}{subsection.2.5.1}% 66
\BOOKMARK [2][-]{subsection.2.5.2}{\376\377\0002\000.\0005\000.\0002\000\040\000M\000e\000m\000b\000e\000r\000\040\000F\000u\000n\000c\000t\000i\000o\000n\000\040\000D\000o\000c\000u\000m\000e\000n\000t\000a\000t\000i\000o\000n}{section.2.5}% 67
\BOOKMARK [3][-]{subsubsection.2.5.2.1}{\376\377\0002\000.\0005\000.\0002\000.\0001\000\040\000a\000d\000d}{subsection.2.5.2}% 68
\BOOKMARK [3][-]{subsubsection.2.5.2.2}{\376\377\0002\000.\0005\000.\0002\000.\0002\000\040\000g\000e\000t\000I\000n\000t\000V\000a\000l\000u\000e}{subsection.2.5.2}% 69
\BOOKMARK [3][-]{subsubsection.2.5.2.3}{\376\377\0002\000.\0005\000.\0002\000.\0003\000\040\000g\000e\000t\000N\000a\000m\000e}{subsection.2.5.2}% 70
\BOOKMARK [3][-]{subsubsection.2.5.2.4}{\376\377\0002\000.\0005\000.\0002\000.\0004\000\040\000g\000e\000t\000N\000u\000m\000b\000e\000r\000O\000f\000V\000a\000l\000u\000e\000s}{subsection.2.5.2}% 71
\BOOKMARK [3][-]{subsubsection.2.5.2.5}{\376\377\0002\000.\0005\000.\0002\000.\0005\000\040\000g\000e\000t\000S\000t\000r\000i\000n\000g\000V\000a\000l\000u\000e}{subsection.2.5.2}% 72
\BOOKMARK [3][-]{subsubsection.2.5.2.6}{\376\377\0002\000.\0005\000.\0002\000.\0006\000\040\000s\000e\000t\000N\000a\000m\000e}{subsection.2.5.2}% 73
\BOOKMARK [1][-]{section.2.6}{\376\377\0002\000.\0006\000\040\000S\000A\000U\000X\000M\000a\000p\000\040\000S\000t\000r\000u\000c\000t\000\040\000R\000e\000f\000e\000r\000e\000n\000c\000e}{chapter.2}% 74
\BOOKMARK [0][-]{section*.9}{\376\377\000I\000n\000d\000e\000x}{}% 75
